This file contains any messages produced by compilers while
running configure, to aid debugging if configure makes a mistake.

It was created by Chocolate Doom configure 3.0.0, which was
generated by GNU Autoconf 2.69.  Invocation command line was

  $ ./configure --host=i686-w64-mingw32 host_alias=i686-w64-mingw32 --no-create --no-recursion

## --------- ##
## Platform. ##
## --------- ##

hostname = Marroquin-Inspiron-7559
uname -m = x86_64
uname -r = 4.15.0-45-generic
uname -s = Linux
uname -v = #48-Ubuntu SMP Tue Jan 29 16:28:13 UTC 2019

/usr/bin/uname -p = unknown
/bin/uname -X     = unknown

/bin/arch              = unknown
/usr/bin/arch -k       = unknown
/usr/convex/getsysinfo = unknown
/usr/bin/hostinfo      = unknown
/bin/machine           = unknown
/usr/bin/oslevel       = unknown
/bin/universe          = unknown

PATH: /home/manuel/bin
PATH: /home/manuel/.local/bin
PATH: /usr/local/sbin
PATH: /usr/local/bin
PATH: /usr/sbin
PATH: /usr/bin
PATH: /sbin
PATH: /bin
PATH: /usr/games
PATH: /usr/local/games
PATH: /snap/bin


## ----------- ##
## Core tests. ##
## ----------- ##

configure:2336: checking build system type
configure:2350: result: x86_64-pc-linux-gnu
configure:2370: checking host system type
configure:2383: result: i686-w64-mingw32
configure:2417: checking for i686-w64-mingw32-gcc
configure:2447: result: no
configure:2457: checking for gcc
configure:2473: found /usr/bin/gcc
configure:2484: result: gcc
configure:2713: checking for C compiler version
configure:2722: gcc --version >&5
gcc (Ubuntu 7.3.0-27ubuntu1~18.04) 7.3.0
Copyright (C) 2017 Free Software Foundation, Inc.
This is free software; see the source for copying conditions.  There is NO
warranty; not even for MERCHANTABILITY or FITNESS FOR A PARTICULAR PURPOSE.

configure:2733: $? = 0
configure:2722: gcc -v >&5
Using built-in specs.
COLLECT_GCC=gcc
COLLECT_LTO_WRAPPER=/usr/lib/gcc/x86_64-linux-gnu/7/lto-wrapper
OFFLOAD_TARGET_NAMES=nvptx-none
OFFLOAD_TARGET_DEFAULT=1
Target: x86_64-linux-gnu
Configured with: ../src/configure -v --with-pkgversion='Ubuntu 7.3.0-27ubuntu1~18.04' --with-bugurl=file:///usr/share/doc/gcc-7/README.Bugs --enable-languages=c,ada,c++,go,brig,d,fortran,objc,obj-c++ --prefix=/usr --with-gcc-major-version-only --program-suffix=-7 --program-prefix=x86_64-linux-gnu- --enable-shared --enable-linker-build-id --libexecdir=/usr/lib --without-included-gettext --enable-threads=posix --libdir=/usr/lib --enable-nls --with-sysroot=/ --enable-clocale=gnu --enable-libstdcxx-debug --enable-libstdcxx-time=yes --with-default-libstdcxx-abi=new --enable-gnu-unique-object --disable-vtable-verify --enable-libmpx --enable-plugin --enable-default-pie --with-system-zlib --with-target-system-zlib --enable-objc-gc=auto --enable-multiarch --disable-werror --with-arch-32=i686 --with-abi=m64 --with-multilib-list=m32,m64,mx32 --enable-multilib --with-tune=generic --enable-offload-targets=nvptx-none --without-cuda-driver --enable-checking=release --build=x86_64-linux-gnu --host=x86_64-linux-gnu --target=x86_64-linux-gnu
Thread model: posix
gcc version 7.3.0 (Ubuntu 7.3.0-27ubuntu1~18.04) 
configure:2733: $? = 0
configure:2722: gcc -V >&5
gcc: error: unrecognized command line option '-V'
gcc: fatal error: no input files
compilation terminated.
configure:2733: $? = 1
configure:2722: gcc -qversion >&5
gcc: error: unrecognized command line option '-qversion'; did you mean '--version'?
gcc: fatal error: no input files
compilation terminated.
configure:2733: $? = 1
configure:2753: checking whether the C compiler works
configure:2775: gcc    conftest.c  >&5
configure:2779: $? = 0
configure:2827: result: yes
configure:2830: checking for C compiler default output file name
configure:2832: result: a.out
configure:2838: checking for suffix of executables
configure:2845: gcc -o conftest    conftest.c  >&5
configure:2849: $? = 0
configure:2871: result: 
configure:2893: checking whether we are cross compiling
configure:2901: gcc -o conftest    conftest.c  >&5
configure:2905: $? = 0
configure:2912: ./conftest
configure:2916: $? = 0
configure:2931: result: no
configure:2936: checking for suffix of object files
configure:2958: gcc -c   conftest.c >&5
configure:2962: $? = 0
configure:2983: result: o
configure:2987: checking whether we are using the GNU C compiler
configure:3006: gcc -c   conftest.c >&5
configure:3006: $? = 0
configure:3015: result: yes
configure:3024: checking whether gcc accepts -g
configure:3044: gcc -c -g  conftest.c >&5
configure:3044: $? = 0
configure:3085: result: yes
configure:3102: checking for gcc option to accept ISO C89
configure:3165: gcc  -c -g -O2  conftest.c >&5
configure:3165: $? = 0
configure:3178: result: none needed
configure:3203: checking whether gcc understands -c and -o together
configure:3225: gcc -c conftest.c -o conftest2.o
configure:3228: $? = 0
configure:3225: gcc -c conftest.c -o conftest2.o
configure:3228: $? = 0
configure:3240: result: yes
configure:3263: checking for i686-w64-mingw32-ar
configure:3293: result: no
configure:3263: checking for i686-w64-mingw32-lib
configure:3293: result: no
configure:3263: checking for i686-w64-mingw32-link
configure:3293: result: no
configure:3307: checking for ar
configure:3323: found /usr/bin/ar
configure:3334: result: ar
configure:3360: checking the archiver (ar) interface
configure:3376: gcc -c -g -O2  conftest.c >&5
configure:3376: $? = 0
configure:3378: ar cru libconftest.a conftest.o >&5
ar: `u' modifier ignored since `D' is the default (see `U')
configure:3381: $? = 0
configure:3409: result: ar
configure:3437: checking for i686-w64-mingw32-gcc
configure:3464: result: gcc
configure:3733: checking for C compiler version
configure:3742: gcc --version >&5
gcc (Ubuntu 7.3.0-27ubuntu1~18.04) 7.3.0
Copyright (C) 2017 Free Software Foundation, Inc.
This is free software; see the source for copying conditions.  There is NO
warranty; not even for MERCHANTABILITY or FITNESS FOR A PARTICULAR PURPOSE.

configure:3753: $? = 0
configure:3742: gcc -v >&5
Using built-in specs.
COLLECT_GCC=gcc
COLLECT_LTO_WRAPPER=/usr/lib/gcc/x86_64-linux-gnu/7/lto-wrapper
OFFLOAD_TARGET_NAMES=nvptx-none
OFFLOAD_TARGET_DEFAULT=1
Target: x86_64-linux-gnu
Configured with: ../src/configure -v --with-pkgversion='Ubuntu 7.3.0-27ubuntu1~18.04' --with-bugurl=file:///usr/share/doc/gcc-7/README.Bugs --enable-languages=c,ada,c++,go,brig,d,fortran,objc,obj-c++ --prefix=/usr --with-gcc-major-version-only --program-suffix=-7 --program-prefix=x86_64-linux-gnu- --enable-shared --enable-linker-build-id --libexecdir=/usr/lib --without-included-gettext --enable-threads=posix --libdir=/usr/lib --enable-nls --with-sysroot=/ --enable-clocale=gnu --enable-libstdcxx-debug --enable-libstdcxx-time=yes --with-default-libstdcxx-abi=new --enable-gnu-unique-object --disable-vtable-verify --enable-libmpx --enable-plugin --enable-default-pie --with-system-zlib --with-target-system-zlib --enable-objc-gc=auto --enable-multiarch --disable-werror --with-arch-32=i686 --with-abi=m64 --with-multilib-list=m32,m64,mx32 --enable-multilib --with-tune=generic --enable-offload-targets=nvptx-none --without-cuda-driver --enable-checking=release --build=x86_64-linux-gnu --host=x86_64-linux-gnu --target=x86_64-linux-gnu
Thread model: posix
gcc version 7.3.0 (Ubuntu 7.3.0-27ubuntu1~18.04) 
configure:3753: $? = 0
configure:3742: gcc -V >&5
gcc: error: unrecognized command line option '-V'
gcc: fatal error: no input files
compilation terminated.
configure:3753: $? = 1
configure:3742: gcc -qversion >&5
gcc: error: unrecognized command line option '-qversion'; did you mean '--version'?
gcc: fatal error: no input files
compilation terminated.
configure:3753: $? = 1
configure:3757: checking whether we are using the GNU C compiler
configure:3785: result: yes
configure:3794: checking whether gcc accepts -g
configure:3855: result: yes
configure:3872: checking for gcc option to accept ISO C89
configure:3948: result: none needed
configure:3973: checking whether gcc understands -c and -o together
configure:4010: result: yes
configure:4030: checking for i686-w64-mingw32-ranlib
configure:4060: result: no
configure:4070: checking for ranlib
configure:4086: found /usr/bin/ranlib
configure:4097: result: ranlib
configure:4121: checking for python
configure:4137: found /usr/bin/python
configure:4149: result: true
configure:4180: checking for i686-w64-mingw32-pkg-config
configure:4213: result: no
configure:4223: checking for pkg-config
configure:4241: found /usr/bin/pkg-config
configure:4253: result: /usr/bin/pkg-config
configure:4278: checking pkg-config is at least version 0.9.0
configure:4281: result: yes
configure:4291: checking for SDL
configure:4298: $PKG_CONFIG --exists --print-errors "sdl2 >= 2.0.1"
configure:4301: $? = 0
configure:4315: $PKG_CONFIG --exists --print-errors "sdl2 >= 2.0.1"
configure:4318: $? = 0
configure:4376: result: yes
configure:4382: checking for SDLMIXER
configure:4389: $PKG_CONFIG --exists --print-errors "SDL2_mixer >= 2.0.0"
configure:4392: $? = 0
configure:4406: $PKG_CONFIG --exists --print-errors "SDL2_mixer >= 2.0.0"
configure:4409: $? = 0
configure:4467: result: yes
configure:4473: checking for SDLNET
configure:4480: $PKG_CONFIG --exists --print-errors "SDL2_net >= 2.0.0"
configure:4483: $? = 0
configure:4497: $PKG_CONFIG --exists --print-errors "SDL2_net >= 2.0.0"
configure:4500: $? = 0
configure:4558: result: yes
configure:4578: checking for SAMPLERATE
configure:4585: $PKG_CONFIG --exists --print-errors "samplerate >= 0.1.8"
Package samplerate was not found in the pkg-config search path.
Perhaps you should add the directory containing `samplerate.pc'
to the PKG_CONFIG_PATH environment variable
No package 'samplerate' found
configure:4588: $? = 1
configure:4602: $PKG_CONFIG --exists --print-errors "samplerate >= 0.1.8"
Package samplerate was not found in the pkg-config search path.
Perhaps you should add the directory containing `samplerate.pc'
to the PKG_CONFIG_PATH environment variable
No package 'samplerate' found
configure:4605: $? = 1
configure:4619: result: no
No package 'samplerate' found
configure:4685: checking for PNG
configure:4692: $PKG_CONFIG --exists --print-errors "libpng >= 1.2.50"
configure:4695: $? = 0
configure:4709: $PKG_CONFIG --exists --print-errors "libpng >= 1.2.50"
configure:4712: $? = 0
configure:4766: result: yes
configure:4781: checking for log in -lm
configure:4806: gcc -o conftest -O2 -g -Wall -Wdeclaration-after-statement -Wredundant-decls  -D_REENTRANT -I/usr/local/include/SDL2  -I/usr/include/libpng16   -L/usr/local/lib -Wl,-rpath,/usr/local/lib -Wl,--enable-new-dtags -lSDL2  -lpng16 -lz conftest.c -lm   >&5
conftest.c:17:6: warning: conflicting types for built-in function 'log' [-Wbuiltin-declaration-mismatch]
 char log ();
      ^~~
configure:4806: $? = 0
configure:4815: result: yes
configure:4832: checking how to run the C preprocessor
configure:4863: gcc -E  conftest.c
configure:4863: $? = 0
configure:4877: gcc -E  conftest.c
conftest.c:11:10: fatal error: ac_nonexistent.h: No such file or directory
 #include <ac_nonexistent.h>
          ^~~~~~~~~~~~~~~~~~
compilation terminated.
configure:4877: $? = 1
configure: failed program was:
| /* confdefs.h */
| #define PACKAGE_NAME "Chocolate Doom"
| #define PACKAGE_TARNAME "chocolate-doom"
| #define PACKAGE_VERSION "3.0.0"
| #define PACKAGE_STRING "Chocolate Doom 3.0.0"
| #define PACKAGE_BUGREPORT "chocolate-doom-dev-list@chocolate-doom.org"
| #define PACKAGE_URL ""
| #define HAVE_LIBPNG 1
| #define HAVE_LIBM 1
| /* end confdefs.h.  */
| #include <ac_nonexistent.h>
configure:4902: result: gcc -E
configure:4922: gcc -E  conftest.c
configure:4922: $? = 0
configure:4936: gcc -E  conftest.c
conftest.c:11:10: fatal error: ac_nonexistent.h: No such file or directory
 #include <ac_nonexistent.h>
          ^~~~~~~~~~~~~~~~~~
compilation terminated.
configure:4936: $? = 1
configure: failed program was:
| /* confdefs.h */
| #define PACKAGE_NAME "Chocolate Doom"
| #define PACKAGE_TARNAME "chocolate-doom"
| #define PACKAGE_VERSION "3.0.0"
| #define PACKAGE_STRING "Chocolate Doom 3.0.0"
| #define PACKAGE_BUGREPORT "chocolate-doom-dev-list@chocolate-doom.org"
| #define PACKAGE_URL ""
| #define HAVE_LIBPNG 1
| #define HAVE_LIBM 1
| /* end confdefs.h.  */
| #include <ac_nonexistent.h>
configure:4965: checking for grep that handles long lines and -e
configure:5023: result: /bin/grep
configure:5028: checking for egrep
configure:5090: result: /bin/grep -E
configure:5095: checking for ANSI C header files
configure:5115: gcc -c -O2 -g -Wall -Wdeclaration-after-statement -Wredundant-decls  -D_REENTRANT -I/usr/local/include/SDL2  -I/usr/include/libpng16  conftest.c >&5
configure:5115: $? = 0
configure:5188: gcc -o conftest -O2 -g -Wall -Wdeclaration-after-statement -Wredundant-decls  -D_REENTRANT -I/usr/local/include/SDL2  -I/usr/include/libpng16   -L/usr/local/lib -Wl,-rpath,/usr/local/lib -Wl,--enable-new-dtags -lSDL2  -lpng16 -lz conftest.c -lm  >&5
configure:5188: $? = 0
configure:5188: ./conftest
configure:5188: $? = 0
configure:5199: result: yes
configure:5212: checking for sys/types.h
configure:5212: gcc -c -O2 -g -Wall -Wdeclaration-after-statement -Wredundant-decls  -D_REENTRANT -I/usr/local/include/SDL2  -I/usr/include/libpng16  conftest.c >&5
configure:5212: $? = 0
configure:5212: result: yes
configure:5212: checking for sys/stat.h
configure:5212: gcc -c -O2 -g -Wall -Wdeclaration-after-statement -Wredundant-decls  -D_REENTRANT -I/usr/local/include/SDL2  -I/usr/include/libpng16  conftest.c >&5
configure:5212: $? = 0
configure:5212: result: yes
configure:5212: checking for stdlib.h
configure:5212: gcc -c -O2 -g -Wall -Wdeclaration-after-statement -Wredundant-decls  -D_REENTRANT -I/usr/local/include/SDL2  -I/usr/include/libpng16  conftest.c >&5
configure:5212: $? = 0
configure:5212: result: yes
configure:5212: checking for string.h
configure:5212: gcc -c -O2 -g -Wall -Wdeclaration-after-statement -Wredundant-decls  -D_REENTRANT -I/usr/local/include/SDL2  -I/usr/include/libpng16  conftest.c >&5
configure:5212: $? = 0
configure:5212: result: yes
configure:5212: checking for memory.h
configure:5212: gcc -c -O2 -g -Wall -Wdeclaration-after-statement -Wredundant-decls  -D_REENTRANT -I/usr/local/include/SDL2  -I/usr/include/libpng16  conftest.c >&5
configure:5212: $? = 0
configure:5212: result: yes
configure:5212: checking for strings.h
configure:5212: gcc -c -O2 -g -Wall -Wdeclaration-after-statement -Wredundant-decls  -D_REENTRANT -I/usr/local/include/SDL2  -I/usr/include/libpng16  conftest.c >&5
configure:5212: $? = 0
configure:5212: result: yes
configure:5212: checking for inttypes.h
configure:5212: gcc -c -O2 -g -Wall -Wdeclaration-after-statement -Wredundant-decls  -D_REENTRANT -I/usr/local/include/SDL2  -I/usr/include/libpng16  conftest.c >&5
configure:5212: $? = 0
configure:5212: result: yes
configure:5212: checking for stdint.h
configure:5212: gcc -c -O2 -g -Wall -Wdeclaration-after-statement -Wredundant-decls  -D_REENTRANT -I/usr/local/include/SDL2  -I/usr/include/libpng16  conftest.c >&5
configure:5212: $? = 0
configure:5212: result: yes
configure:5212: checking for unistd.h
configure:5212: gcc -c -O2 -g -Wall -Wdeclaration-after-statement -Wredundant-decls  -D_REENTRANT -I/usr/local/include/SDL2  -I/usr/include/libpng16  conftest.c >&5
configure:5212: $? = 0
configure:5212: result: yes
configure:5227: checking dirent.h usability
configure:5227: gcc -c -O2 -g -Wall -Wdeclaration-after-statement -Wredundant-decls  -D_REENTRANT -I/usr/local/include/SDL2  -I/usr/include/libpng16  conftest.c >&5
configure:5227: $? = 0
configure:5227: result: yes
configure:5227: checking dirent.h presence
configure:5227: gcc -E  conftest.c
configure:5227: $? = 0
configure:5227: result: yes
configure:5227: checking for dirent.h
configure:5227: result: yes
configure:5227: checking linux/kd.h usability
configure:5227: gcc -c -O2 -g -Wall -Wdeclaration-after-statement -Wredundant-decls  -D_REENTRANT -I/usr/local/include/SDL2  -I/usr/include/libpng16  conftest.c >&5
configure:5227: $? = 0
configure:5227: result: yes
configure:5227: checking linux/kd.h presence
configure:5227: gcc -E  conftest.c
configure:5227: $? = 0
configure:5227: result: yes
configure:5227: checking for linux/kd.h
configure:5227: result: yes
configure:5227: checking dev/isa/spkrio.h usability
configure:5227: gcc -c -O2 -g -Wall -Wdeclaration-after-statement -Wredundant-decls  -D_REENTRANT -I/usr/local/include/SDL2  -I/usr/include/libpng16  conftest.c >&5
conftest.c:56:10: fatal error: dev/isa/spkrio.h: No such file or directory
 #include <dev/isa/spkrio.h>
          ^~~~~~~~~~~~~~~~~~
compilation terminated.
configure:5227: $? = 1
configure: failed program was:
| /* confdefs.h */
| #define PACKAGE_NAME "Chocolate Doom"
| #define PACKAGE_TARNAME "chocolate-doom"
| #define PACKAGE_VERSION "3.0.0"
| #define PACKAGE_STRING "Chocolate Doom 3.0.0"
| #define PACKAGE_BUGREPORT "chocolate-doom-dev-list@chocolate-doom.org"
| #define PACKAGE_URL ""
| #define HAVE_LIBPNG 1
| #define HAVE_LIBM 1
| #define STDC_HEADERS 1
| #define HAVE_SYS_TYPES_H 1
| #define HAVE_SYS_STAT_H 1
| #define HAVE_STDLIB_H 1
| #define HAVE_STRING_H 1
| #define HAVE_MEMORY_H 1
| #define HAVE_STRINGS_H 1
| #define HAVE_INTTYPES_H 1
| #define HAVE_STDINT_H 1
| #define HAVE_UNISTD_H 1
| #define HAVE_DIRENT_H 1
| #define HAVE_LINUX_KD_H 1
| /* end confdefs.h.  */
| #include <stdio.h>
| #ifdef HAVE_SYS_TYPES_H
| # include <sys/types.h>
| #endif
| #ifdef HAVE_SYS_STAT_H
| # include <sys/stat.h>
| #endif
| #ifdef STDC_HEADERS
| # include <stdlib.h>
| # include <stddef.h>
| #else
| # ifdef HAVE_STDLIB_H
| #  include <stdlib.h>
| # endif
| #endif
| #ifdef HAVE_STRING_H
| # if !defined STDC_HEADERS && defined HAVE_MEMORY_H
| #  include <memory.h>
| # endif
| # include <string.h>
| #endif
| #ifdef HAVE_STRINGS_H
| # include <strings.h>
| #endif
| #ifdef HAVE_INTTYPES_H
| # include <inttypes.h>
| #endif
| #ifdef HAVE_STDINT_H
| # include <stdint.h>
| #endif
| #ifdef HAVE_UNISTD_H
| # include <unistd.h>
| #endif
| #include <dev/isa/spkrio.h>
configure:5227: result: no
configure:5227: checking dev/isa/spkrio.h presence
configure:5227: gcc -E  conftest.c
conftest.c:23:10: fatal error: dev/isa/spkrio.h: No such file or directory
 #include <dev/isa/spkrio.h>
          ^~~~~~~~~~~~~~~~~~
compilation terminated.
configure:5227: $? = 1
configure: failed program was:
| /* confdefs.h */
| #define PACKAGE_NAME "Chocolate Doom"
| #define PACKAGE_TARNAME "chocolate-doom"
| #define PACKAGE_VERSION "3.0.0"
| #define PACKAGE_STRING "Chocolate Doom 3.0.0"
| #define PACKAGE_BUGREPORT "chocolate-doom-dev-list@chocolate-doom.org"
| #define PACKAGE_URL ""
| #define HAVE_LIBPNG 1
| #define HAVE_LIBM 1
| #define STDC_HEADERS 1
| #define HAVE_SYS_TYPES_H 1
| #define HAVE_SYS_STAT_H 1
| #define HAVE_STDLIB_H 1
| #define HAVE_STRING_H 1
| #define HAVE_MEMORY_H 1
| #define HAVE_STRINGS_H 1
| #define HAVE_INTTYPES_H 1
| #define HAVE_STDINT_H 1
| #define HAVE_UNISTD_H 1
| #define HAVE_DIRENT_H 1
| #define HAVE_LINUX_KD_H 1
| /* end confdefs.h.  */
| #include <dev/isa/spkrio.h>
configure:5227: result: no
configure:5227: checking for dev/isa/spkrio.h
configure:5227: result: no
configure:5227: checking dev/speaker/speaker.h usability
configure:5227: gcc -c -O2 -g -Wall -Wdeclaration-after-statement -Wredundant-decls  -D_REENTRANT -I/usr/local/include/SDL2  -I/usr/include/libpng16  conftest.c >&5
conftest.c:56:10: fatal error: dev/speaker/speaker.h: No such file or directory
 #include <dev/speaker/speaker.h>
          ^~~~~~~~~~~~~~~~~~~~~~~
compilation terminated.
configure:5227: $? = 1
configure: failed program was:
| /* confdefs.h */
| #define PACKAGE_NAME "Chocolate Doom"
| #define PACKAGE_TARNAME "chocolate-doom"
| #define PACKAGE_VERSION "3.0.0"
| #define PACKAGE_STRING "Chocolate Doom 3.0.0"
| #define PACKAGE_BUGREPORT "chocolate-doom-dev-list@chocolate-doom.org"
| #define PACKAGE_URL ""
| #define HAVE_LIBPNG 1
| #define HAVE_LIBM 1
| #define STDC_HEADERS 1
| #define HAVE_SYS_TYPES_H 1
| #define HAVE_SYS_STAT_H 1
| #define HAVE_STDLIB_H 1
| #define HAVE_STRING_H 1
| #define HAVE_MEMORY_H 1
| #define HAVE_STRINGS_H 1
| #define HAVE_INTTYPES_H 1
| #define HAVE_STDINT_H 1
| #define HAVE_UNISTD_H 1
| #define HAVE_DIRENT_H 1
| #define HAVE_LINUX_KD_H 1
| /* end confdefs.h.  */
| #include <stdio.h>
| #ifdef HAVE_SYS_TYPES_H
| # include <sys/types.h>
| #endif
| #ifdef HAVE_SYS_STAT_H
| # include <sys/stat.h>
| #endif
| #ifdef STDC_HEADERS
| # include <stdlib.h>
| # include <stddef.h>
| #else
| # ifdef HAVE_STDLIB_H
| #  include <stdlib.h>
| # endif
| #endif
| #ifdef HAVE_STRING_H
| # if !defined STDC_HEADERS && defined HAVE_MEMORY_H
| #  include <memory.h>
| # endif
| # include <string.h>
| #endif
| #ifdef HAVE_STRINGS_H
| # include <strings.h>
| #endif
| #ifdef HAVE_INTTYPES_H
| # include <inttypes.h>
| #endif
| #ifdef HAVE_STDINT_H
| # include <stdint.h>
| #endif
| #ifdef HAVE_UNISTD_H
| # include <unistd.h>
| #endif
| #include <dev/speaker/speaker.h>
configure:5227: result: no
configure:5227: checking dev/speaker/speaker.h presence
configure:5227: gcc -E  conftest.c
conftest.c:23:10: fatal error: dev/speaker/speaker.h: No such file or directory
 #include <dev/speaker/speaker.h>
          ^~~~~~~~~~~~~~~~~~~~~~~
compilation terminated.
configure:5227: $? = 1
configure: failed program was:
| /* confdefs.h */
| #define PACKAGE_NAME "Chocolate Doom"
| #define PACKAGE_TARNAME "chocolate-doom"
| #define PACKAGE_VERSION "3.0.0"
| #define PACKAGE_STRING "Chocolate Doom 3.0.0"
| #define PACKAGE_BUGREPORT "chocolate-doom-dev-list@chocolate-doom.org"
| #define PACKAGE_URL ""
| #define HAVE_LIBPNG 1
| #define HAVE_LIBM 1
| #define STDC_HEADERS 1
| #define HAVE_SYS_TYPES_H 1
| #define HAVE_SYS_STAT_H 1
| #define HAVE_STDLIB_H 1
| #define HAVE_STRING_H 1
| #define HAVE_MEMORY_H 1
| #define HAVE_STRINGS_H 1
| #define HAVE_INTTYPES_H 1
| #define HAVE_STDINT_H 1
| #define HAVE_UNISTD_H 1
| #define HAVE_DIRENT_H 1
| #define HAVE_LINUX_KD_H 1
| /* end confdefs.h.  */
| #include <dev/speaker/speaker.h>
configure:5227: result: no
configure:5227: checking for dev/speaker/speaker.h
configure:5227: result: no
configure:5240: checking for mmap
configure:5240: gcc -o conftest -O2 -g -Wall -Wdeclaration-after-statement -Wredundant-decls  -D_REENTRANT -I/usr/local/include/SDL2  -I/usr/include/libpng16   -L/usr/local/lib -Wl,-rpath,/usr/local/lib -Wl,--enable-new-dtags -lSDL2  -lpng16 -lz conftest.c -lm  >&5
configure:5240: $? = 0
configure:5240: result: yes
configure:5240: checking for ioperm
configure:5240: gcc -o conftest -O2 -g -Wall -Wdeclaration-after-statement -Wredundant-decls  -D_REENTRANT -I/usr/local/include/SDL2  -I/usr/include/libpng16   -L/usr/local/lib -Wl,-rpath,/usr/local/lib -Wl,--enable-new-dtags -lSDL2  -lpng16 -lz conftest.c -lm  >&5
configure:5240: $? = 0
configure:5240: result: yes
configure:5249: checking whether strcasecmp is declared
configure:5249: gcc -c -O2 -g -Wall -Wdeclaration-after-statement -Wredundant-decls  -D_REENTRANT -I/usr/local/include/SDL2  -I/usr/include/libpng16  conftest.c >&5
configure:5249: $? = 0
configure:5249: result: yes
configure:5260: checking whether strncasecmp is declared
configure:5260: gcc -c -O2 -g -Wall -Wdeclaration-after-statement -Wredundant-decls  -D_REENTRANT -I/usr/local/include/SDL2  -I/usr/include/libpng16  conftest.c >&5
configure:5260: $? = 0
configure:5260: result: yes
configure:5276: checking for i386_iopl in -li386
configure:5301: gcc -o conftest -O2 -g -Wall -Wdeclaration-after-statement -Wredundant-decls  -D_REENTRANT -I/usr/local/include/SDL2  -I/usr/include/libpng16   -L/usr/local/lib -Wl,-rpath,/usr/local/lib -Wl,--enable-new-dtags -lSDL2  -lpng16 -lz conftest.c -li386  -lm  >&5
/usr/bin/ld: cannot find -li386
collect2: error: ld returned 1 exit status
configure:5301: $? = 1
configure: failed program was:
| /* confdefs.h */
| #define PACKAGE_NAME "Chocolate Doom"
| #define PACKAGE_TARNAME "chocolate-doom"
| #define PACKAGE_VERSION "3.0.0"
| #define PACKAGE_STRING "Chocolate Doom 3.0.0"
| #define PACKAGE_BUGREPORT "chocolate-doom-dev-list@chocolate-doom.org"
| #define PACKAGE_URL ""
| #define HAVE_LIBPNG 1
| #define HAVE_LIBM 1
| #define STDC_HEADERS 1
| #define HAVE_SYS_TYPES_H 1
| #define HAVE_SYS_STAT_H 1
| #define HAVE_STDLIB_H 1
| #define HAVE_STRING_H 1
| #define HAVE_MEMORY_H 1
| #define HAVE_STRINGS_H 1
| #define HAVE_INTTYPES_H 1
| #define HAVE_STDINT_H 1
| #define HAVE_UNISTD_H 1
| #define HAVE_DIRENT_H 1
| #define HAVE_LINUX_KD_H 1
| #define HAVE_MMAP 1
| #define HAVE_IOPERM 1
| #define HAVE_DECL_STRCASECMP 1
| #define HAVE_DECL_STRNCASECMP 1
| /* end confdefs.h.  */
| 
| /* Override any GCC internal prototype to avoid an error.
|    Use char because int might match the return type of a GCC
|    builtin and then its argument prototype would still apply.  */
| #ifdef __cplusplus
| extern "C"
| #endif
| char i386_iopl ();
| int
| main ()
| {
| return i386_iopl ();
|   ;
|   return 0;
| }
configure:5310: result: no
configure:5321: checking for amd64_iopl in -lamd64
configure:5346: gcc -o conftest -O2 -g -Wall -Wdeclaration-after-statement -Wredundant-decls  -D_REENTRANT -I/usr/local/include/SDL2  -I/usr/include/libpng16   -L/usr/local/lib -Wl,-rpath,/usr/local/lib -Wl,--enable-new-dtags -lSDL2  -lpng16 -lz conftest.c -lamd64  -lm  >&5
/usr/bin/ld: cannot find -lamd64
collect2: error: ld returned 1 exit status
configure:5346: $? = 1
configure: failed program was:
| /* confdefs.h */
| #define PACKAGE_NAME "Chocolate Doom"
| #define PACKAGE_TARNAME "chocolate-doom"
| #define PACKAGE_VERSION "3.0.0"
| #define PACKAGE_STRING "Chocolate Doom 3.0.0"
| #define PACKAGE_BUGREPORT "chocolate-doom-dev-list@chocolate-doom.org"
| #define PACKAGE_URL ""
| #define HAVE_LIBPNG 1
| #define HAVE_LIBM 1
| #define STDC_HEADERS 1
| #define HAVE_SYS_TYPES_H 1
| #define HAVE_SYS_STAT_H 1
| #define HAVE_STDLIB_H 1
| #define HAVE_STRING_H 1
| #define HAVE_MEMORY_H 1
| #define HAVE_STRINGS_H 1
| #define HAVE_INTTYPES_H 1
| #define HAVE_STDINT_H 1
| #define HAVE_UNISTD_H 1
| #define HAVE_DIRENT_H 1
| #define HAVE_LINUX_KD_H 1
| #define HAVE_MMAP 1
| #define HAVE_IOPERM 1
| #define HAVE_DECL_STRCASECMP 1
| #define HAVE_DECL_STRNCASECMP 1
| /* end confdefs.h.  */
| 
| /* Override any GCC internal prototype to avoid an error.
|    Use char because int might match the return type of a GCC
|    builtin and then its argument prototype would still apply.  */
| #ifdef __cplusplus
| extern "C"
| #endif
| char amd64_iopl ();
| int
| main ()
| {
| return amd64_iopl ();
|   ;
|   return 0;
| }
configure:5355: result: no
configure:5385: checking for i686-w64-mingw32-windres
configure:5415: result: no
configure:5425: checking for windres
configure:5455: result: no
configure:5483: checking for i686-w64-mingw32-objdump
configure:5513: result: no
configure:5523: checking for objdump
configure:5539: found /usr/bin/objdump
configure:5550: result: objdump
configure:5575: checking for i686-w64-mingw32-strip
configure:5605: result: no
configure:5615: checking for strip
configure:5631: found /usr/bin/strip
configure:5642: result: strip
configure:5711: checking for a BSD-compatible install
configure:5779: result: /usr/bin/install -c
configure:5790: checking whether build environment is sane
configure:5845: result: yes
configure:5993: checking for a thread-safe mkdir -p
configure:6032: result: /bin/mkdir -p
configure:6039: checking for gawk
configure:6069: result: no
configure:6039: checking for mawk
configure:6055: found /usr/bin/mawk
configure:6066: result: mawk
configure:6077: checking whether make sets $(MAKE)
configure:6099: result: yes
configure:6129: checking for style of include used by make
configure:6157: result: GNU
configure:6191: checking whether make supports nested variables
configure:6208: result: yes
configure:6293: checking dependency style of gcc
configure:6404: result: gcc3
configure:6473: checking whether make supports nested variables
configure:6490: result: yes
configure:6659: checking that generated files are newer than configure
configure:6665: result: done
configure:6688: creating ./config.status

## ---------------- ##
## Cache variables. ##
## ---------------- ##

ac_cv_build=x86_64-pc-linux-gnu
ac_cv_c_compiler_gnu=yes
ac_cv_env_CC_set=
ac_cv_env_CC_value=
ac_cv_env_CFLAGS_set=
ac_cv_env_CFLAGS_value=
ac_cv_env_CPPFLAGS_set=
ac_cv_env_CPPFLAGS_value=
ac_cv_env_CPP_set=
ac_cv_env_CPP_value=
ac_cv_env_LDFLAGS_set=
ac_cv_env_LDFLAGS_value=
ac_cv_env_LIBS_set=
ac_cv_env_LIBS_value=
ac_cv_env_PKG_CONFIG_LIBDIR_set=
ac_cv_env_PKG_CONFIG_LIBDIR_value=
ac_cv_env_PKG_CONFIG_PATH_set=
ac_cv_env_PKG_CONFIG_PATH_value=
ac_cv_env_PKG_CONFIG_set=
ac_cv_env_PKG_CONFIG_value=
ac_cv_env_PNG_CFLAGS_set=
ac_cv_env_PNG_CFLAGS_value=
ac_cv_env_PNG_LIBS_set=
ac_cv_env_PNG_LIBS_value=
ac_cv_env_SAMPLERATE_CFLAGS_set=
ac_cv_env_SAMPLERATE_CFLAGS_value=
ac_cv_env_SAMPLERATE_LIBS_set=
ac_cv_env_SAMPLERATE_LIBS_value=
ac_cv_env_SDLMIXER_CFLAGS_set=
ac_cv_env_SDLMIXER_CFLAGS_value=
ac_cv_env_SDLMIXER_LIBS_set=
ac_cv_env_SDLMIXER_LIBS_value=
ac_cv_env_SDLNET_CFLAGS_set=
ac_cv_env_SDLNET_CFLAGS_value=
ac_cv_env_SDLNET_LIBS_set=
ac_cv_env_SDLNET_LIBS_value=
ac_cv_env_SDL_CFLAGS_set=
ac_cv_env_SDL_CFLAGS_value=
ac_cv_env_SDL_LIBS_set=
ac_cv_env_SDL_LIBS_value=
ac_cv_env_build_alias_set=
ac_cv_env_build_alias_value=
ac_cv_env_host_alias_set=set
ac_cv_env_host_alias_value=i686-w64-mingw32
ac_cv_env_target_alias_set=
ac_cv_env_target_alias_value=
ac_cv_func_ioperm=yes
ac_cv_func_mmap=yes
ac_cv_have_decl_strcasecmp=yes
ac_cv_have_decl_strncasecmp=yes
ac_cv_header_dev_isa_spkrio_h=no
ac_cv_header_dev_speaker_speaker_h=no
ac_cv_header_dirent_h=yes
ac_cv_header_inttypes_h=yes
ac_cv_header_linux_kd_h=yes
ac_cv_header_memory_h=yes
ac_cv_header_stdc=yes
ac_cv_header_stdint_h=yes
ac_cv_header_stdlib_h=yes
ac_cv_header_string_h=yes
ac_cv_header_strings_h=yes
ac_cv_header_sys_stat_h=yes
ac_cv_header_sys_types_h=yes
ac_cv_header_unistd_h=yes
ac_cv_host=i686-w64-mingw32
ac_cv_lib_amd64_amd64_iopl=no
ac_cv_lib_i386_i386_iopl=no
ac_cv_lib_m_log=yes
ac_cv_objext=o
ac_cv_path_EGREP='/bin/grep -E'
ac_cv_path_GREP=/bin/grep
ac_cv_path_ac_pt_PKG_CONFIG=/usr/bin/pkg-config
ac_cv_path_install='/usr/bin/install -c'
ac_cv_path_mkdir=/bin/mkdir
ac_cv_prog_AWK=mawk
ac_cv_prog_CC=gcc
ac_cv_prog_CPP='gcc -E'
ac_cv_prog_HAVE_PYTHON=true
ac_cv_prog_ac_ct_AR=ar
ac_cv_prog_ac_ct_CC=gcc
ac_cv_prog_ac_ct_OBJDUMP=objdump
ac_cv_prog_ac_ct_RANLIB=ranlib
ac_cv_prog_ac_ct_STRIP=strip
ac_cv_prog_cc_c89=
ac_cv_prog_cc_g=yes
ac_cv_prog_make_make_set=yes
am_cv_CC_dependencies_compiler_type=gcc3
am_cv_ar_interface=ar
am_cv_make_support_nested_variables=yes
am_cv_prog_cc_c_o=yes
pkg_cv_PNG_CFLAGS=-I/usr/include/libpng16
pkg_cv_PNG_LIBS='-lpng16 -lz'
pkg_cv_SDLMIXER_CFLAGS='-D_REENTRANT -I/usr/local/include/SDL2'
pkg_cv_SDLMIXER_LIBS='-L/usr/local/lib -lSDL2_mixer -Wl,-rpath,/usr/local/lib -Wl,--enable-new-dtags -lSDL2'
pkg_cv_SDLNET_CFLAGS='-D_REENTRANT -I/usr/local/include/SDL2'
pkg_cv_SDLNET_LIBS='-L/usr/local/lib -lSDL2_net -Wl,-rpath,/usr/local/lib -Wl,--enable-new-dtags -lSDL2'
pkg_cv_SDL_CFLAGS='-D_REENTRANT -I/usr/local/include/SDL2'
pkg_cv_SDL_LIBS='-L/usr/local/lib -Wl,-rpath,/usr/local/lib -Wl,--enable-new-dtags -lSDL2'

## ----------------- ##
## Output variables. ##
## ----------------- ##

ACLOCAL='${SHELL} /home/manuel/hackers/ModdingDOOM/chocolate-doom/autotools/missing aclocal-1.15'
AMDEPBACKSLASH='\'
AMDEP_FALSE='#'
AMDEP_TRUE=''
AMTAR='$${TAR-tar}'
AM_BACKSLASH='\'
AM_DEFAULT_V='$(AM_DEFAULT_VERBOSITY)'
AM_DEFAULT_VERBOSITY='0'
AM_V='$(V)'
AR='ar'
AUTOCONF='${SHELL} /home/manuel/hackers/ModdingDOOM/chocolate-doom/autotools/missing autoconf'
AUTOHEADER='${SHELL} /home/manuel/hackers/ModdingDOOM/chocolate-doom/autotools/missing autoheader'
AUTOMAKE='${SHELL} /home/manuel/hackers/ModdingDOOM/chocolate-doom/autotools/missing automake-1.15'
AWK='mawk'
CC='gcc'
CCDEPMODE='depmode=gcc3'
CFLAGS='-O2 -g -Wall -Wdeclaration-after-statement -Wredundant-decls  -D_REENTRANT -I/usr/local/include/SDL2  -I/usr/include/libpng16'
CPP='gcc -E'
CPPFLAGS=''
CYGPATH_W='echo'
DEFS='-DHAVE_CONFIG_H'
DEPDIR='.deps'
ECHO_C=''
ECHO_N='-n'
ECHO_T=''
EGREP='/bin/grep -E'
EXEEXT=''
GREP='/bin/grep'
HAVE_PYTHON='true'
HAVE_PYTHON_FALSE='#'
HAVE_PYTHON_TRUE=''
HAVE_WINDRES_FALSE=''
HAVE_WINDRES_TRUE='#'
INSTALL_DATA='${INSTALL} -m 644'
INSTALL_PROGRAM='${INSTALL}'
INSTALL_SCRIPT='${INSTALL}'
INSTALL_STRIP_PROGRAM='$(install_sh) -c -s'
LDFLAGS=' -L/usr/local/lib -Wl,-rpath,/usr/local/lib -Wl,--enable-new-dtags -lSDL2  -lpng16 -lz'
LIBOBJS=''
LIBS='-lm '
LTLIBOBJS=''
MAKEINFO='${SHELL} /home/manuel/hackers/ModdingDOOM/chocolate-doom/autotools/missing makeinfo'
MKDIR_P='/bin/mkdir -p'
OBJDUMP='objdump'
OBJEXT='o'
PACKAGE='chocolate-doom'
PACKAGE_BUGREPORT='chocolate-doom-dev-list@chocolate-doom.org'
PACKAGE_COPYRIGHT='Copyright (C) 1993-2018'
PACKAGE_ISSUES='https://github.com/chocolate-doom/chocolate-doom/issues'
PACKAGE_LICENSE='GNU General Public License, version 2'
PACKAGE_MAINTAINER='Simon Howard'
PACKAGE_NAME='Chocolate Doom'
PACKAGE_RDNS='org.chocolate_doom'
PACKAGE_SHORTDESC='Conservative source port'
PACKAGE_SHORTNAME='Chocolate'
PACKAGE_STRING='Chocolate Doom 3.0.0'
PACKAGE_TARNAME='chocolate-doom'
PACKAGE_URL='https://www.chocolate-doom.org/'
PACKAGE_VERSION='3.0.0'
PATH_SEPARATOR=':'
PKG_CONFIG='/usr/bin/pkg-config'
PKG_CONFIG_LIBDIR=''
PKG_CONFIG_PATH=''
PNG_CFLAGS='-I/usr/include/libpng16'
PNG_LIBS='-lpng16 -lz'
PROGRAM_PREFIX='chocolate-'
PROGRAM_SPREFIX='chocolate'
RANLIB='ranlib'
SAMPLERATE_CFLAGS=''
SAMPLERATE_LIBS=''
SDLMIXER_CFLAGS='-D_REENTRANT -I/usr/local/include/SDL2'
SDLMIXER_LIBS='-L/usr/local/lib -lSDL2_mixer -Wl,-rpath,/usr/local/lib -Wl,--enable-new-dtags -lSDL2'
SDLNET_CFLAGS='-D_REENTRANT -I/usr/local/include/SDL2'
SDLNET_LIBS='-L/usr/local/lib -lSDL2_net -Wl,-rpath,/usr/local/lib -Wl,--enable-new-dtags -lSDL2'
SDL_CFLAGS='-D_REENTRANT -I/usr/local/include/SDL2'
SDL_LIBS='-L/usr/local/lib -Wl,-rpath,/usr/local/lib -Wl,--enable-new-dtags -lSDL2'
SET_MAKE=''
SHELL='/bin/bash'
STRIP='strip'
VERSION='3.0.0'
WINDOWS_RC_VERSION='3, 0, 0, 0'
WINDRES=''
ac_aux_dir='autotools'
ac_ct_AR='ar'
ac_ct_CC='gcc'
am__EXEEXT_FALSE=''
am__EXEEXT_TRUE='#'
am__fastdepCC_FALSE='#'
am__fastdepCC_TRUE=''
am__include='include'
am__isrc=''
am__leading_dot='.'
am__nodep='_no'
am__quote=''
am__tar='$${TAR-tar} chof - "$$tardir"'
am__untar='$${TAR-tar} xf -'
bashcompletiondir='/usr/share/bash-completion/completions'
bindir='${exec_prefix}/bin'
build='x86_64-pc-linux-gnu'
build_alias=''
build_cpu='x86_64'
build_os='linux-gnu'
build_vendor='pc'
datadir='${datarootdir}'
datarootdir='${prefix}/share'
docdir='${datarootdir}/doc/${PACKAGE_TARNAME}'
dvidir='${docdir}'
exec_prefix='${prefix}'
host='i686-w64-mingw32'
host_alias='i686-w64-mingw32'
host_cpu='i686'
host_os='mingw32'
host_vendor='w64'
htmldir='${docdir}'
includedir='${prefix}/include'
infodir='${datarootdir}/info'
install_sh='${SHELL} /home/manuel/hackers/ModdingDOOM/chocolate-doom/autotools/install-sh'
libdir='${exec_prefix}/lib'
libexecdir='${exec_prefix}/libexec'
localedir='${datarootdir}/locale'
localstatedir='${prefix}/var'
mandir='${datarootdir}/man'
mkdir_p='$(MKDIR_P)'
oldincludedir='/usr/include'
pdfdir='${docdir}'
prefix='/usr/local'
program_transform_name='s,x,x,'
psdir='${docdir}'
runstatedir='${localstatedir}/run'
sbindir='${exec_prefix}/sbin'
sharedstatedir='${prefix}/com'
sysconfdir='${prefix}/etc'
target_alias=''

## ----------- ##
## confdefs.h. ##
## ----------- ##

/* confdefs.h */
#define PACKAGE_NAME "Chocolate Doom"
#define PACKAGE_TARNAME "chocolate-doom"
#define PACKAGE_VERSION "3.0.0"
#define PACKAGE_STRING "Chocolate Doom 3.0.0"
#define PACKAGE_BUGREPORT "chocolate-doom-dev-list@chocolate-doom.org"
#define PACKAGE_URL ""
#define HAVE_LIBPNG 1
#define HAVE_LIBM 1
#define STDC_HEADERS 1
#define HAVE_SYS_TYPES_H 1
#define HAVE_SYS_STAT_H 1
#define HAVE_STDLIB_H 1
#define HAVE_STRING_H 1
#define HAVE_MEMORY_H 1
#define HAVE_STRINGS_H 1
#define HAVE_INTTYPES_H 1
#define HAVE_STDINT_H 1
#define HAVE_UNISTD_H 1
#define HAVE_DIRENT_H 1
#define HAVE_LINUX_KD_H 1
#define HAVE_MMAP 1
#define HAVE_IOPERM 1
#define HAVE_DECL_STRCASECMP 1
#define HAVE_DECL_STRNCASECMP 1
#define PACKAGE "chocolate-doom"
#define VERSION "3.0.0"
#define PROGRAM_PREFIX "chocolate-"

configure: exit 0

## ---------------------- ##
## Running config.status. ##
## ---------------------- ##

This file was extended by Chocolate Doom config.status 3.0.0, which was
generated by GNU Autoconf 2.69.  Invocation command line was

  CONFIG_FILES    = 
  CONFIG_HEADERS  = 
  CONFIG_LINKS    = 
  CONFIG_COMMANDS = 
  $ ./config.status 

on Marroquin-Inspiron-7559

config.status:942: creating Makefile
config.status:942: creating man/Makefile
config.status:942: creating man/bash-completion/Makefile
config.status:942: creating man/bash-completion/doom.template
config.status:942: creating man/bash-completion/heretic.template
config.status:942: creating man/bash-completion/hexen.template
config.status:942: creating man/bash-completion/strife.template
config.status:942: creating midiproc/Makefile
config.status:942: creating opl/Makefile
config.status:942: creating opl/examples/Makefile
config.status:942: creating pcsound/Makefile
config.status:942: creating pkg/Makefile
config.status:942: creating pkg/config.make
config.status:942: creating pkg/osx/Info.plist
config.status:942: creating rpm.spec
config.status:942: creating data/Makefile
config.status:942: creating src/Makefile
config.status:942: creating src/doom.appdata.xml
config.status:942: creating src/doom.desktop
config.status:942: creating src/doom-screensaver.desktop
config.status:942: creating src/doom/Makefile
config.status:942: creating src/heretic.appdata.xml
config.status:942: creating src/heretic.desktop
config.status:942: creating src/heretic/Makefile
config.status:942: creating src/hexen.appdata.xml
config.status:942: creating src/hexen.desktop
config.status:942: creating src/hexen/Makefile
config.status:942: creating src/resource.rc
config.status:942: creating src/setup-res.rc
config.status:942: creating src/setup/Makefile
config.status:942: creating src/setup/setup.desktop
config.status:942: creating src/setup/setup-manifest.xml
config.status:942: creating src/strife.appdata.xml
config.status:942: creating src/strife.desktop
config.status:942: creating src/strife/Makefile
config.status:942: creating textscreen/Makefile
config.status:942: creating textscreen/examples/Makefile
config.status:942: creating textscreen/fonts/Makefile
config.status:942: creating config.h
config.status:1088: config.h is unchanged
config.status:1136: executing depfiles commands

## ---------------------- ##
## Running config.status. ##
## ---------------------- ##

This file was extended by Chocolate Doom config.status 3.0.0, which was
generated by GNU Autoconf 2.69.  Invocation command line was

  CONFIG_FILES    = 
  CONFIG_HEADERS  = 
  CONFIG_LINKS    = 
  CONFIG_COMMANDS = 
  $ ./config.status config.h

on Marroquin-Inspiron-7559

config.status:942: creating config.h
config.status:1088: config.h is unchanged
